#
# There is insufficient memory for the Java Runtime Environment to continue.
# Native memory allocation (malloc) failed to allocate 431824 bytes for Chunk::new
# Possible reasons:
#   The system is out of physical RAM or swap space
#   The process is running with CompressedOops enabled, and the Java Heap may be blocking the growth of the native heap
# Possible solutions:
#   Reduce memory load on the system
#   Increase physical memory or swap space
#   Check if swap backing store is full
#   Decrease Java heap size (-Xmx/-Xms)
#   Decrease number of Java threads
#   Decrease Java thread stack sizes (-Xss)
#   Set larger code cache with -XX:ReservedCodeCacheSize=
#   JVM is running with Unscaled Compressed Oops mode in which the Java heap is
#     placed in the first 4GB address space. The Java Heap base address is the
#     maximum limit for the native heap growth. Please use -XX:HeapBaseMinAddress
#     to set the Java Heap base and to place the Java Heap above 4GB virtual address.
# This output file may be truncated or incomplete.
#
#  Out of Memory Error (arena.cpp:189), pid=25988, tid=30116
#
# JRE version: OpenJDK Runtime Environment (17.0.6) (build 17.0.6+0-b2043.56-9586694)
# Java VM: OpenJDK 64-Bit Server VM (17.0.6+0-b2043.56-9586694, mixed mode, tiered, compressed oops, compressed class ptrs, g1 gc, windows-amd64)
# No core dump will be written. Minidumps are not enabled by default on client versions of Windows
#

---------------  S U M M A R Y ------------

Command Line: org.jetbrains.kotlin.cli.jvm.K2JVMCompiler @E:\MyAndroidProjects\Kotlin\UserBlinkit\app\build\20240316_6989900337383321970.compiler.options

Host: 11th Gen Intel(R) Core(TM) i5-1135G7 @ 2.40GHz, 8 cores, 7G,  Windows 11 , 64 bit Build 22000 (10.0.22000.2538)
Time: Sat Mar 16 10:45:41 2024 India Standard Time elapsed time: 6.875885 seconds (0d 0h 0m 6s)

---------------  T H R E A D  ---------------

Current thread (0x000001ef20bc3880):  JavaThread "C2 CompilerThread1" daemon [_thread_in_native, id=30116, stack(0x000000ab4c200000,0x000000ab4c300000)]


Current CompileTask:
C2:   6875 6879       4       org.jetbrains.kotlin.load.java.structure.impl.classFiles.BinaryJavaMethodBase$Companion::create (572 bytes)

Stack: [0x000000ab4c200000,0x000000ab4c300000]
Native frames: (J=compiled Java code, j=interpreted, Vv=VM code, C=native code)
V  [jvm.dll+0x683b4a]
V  [jvm.dll+0x842654]
V  [jvm.dll+0x843dfe]
V  [jvm.dll+0x844463]
V  [jvm.dll+0x249b75]
V  [jvm.dll+0xabcac]
V  [jvm.dll+0xac27c]
V  [jvm.dll+0x11f257]
V  [jvm.dll+0x60fc32]
V  [jvm.dll+0x61406f]
V  [jvm.dll+0x21c078]
V  [jvm.dll+0x21b621]
V  [jvm.dll+0x1a4fdd]
V  [jvm.dll+0x22b098]
V  [jvm.dll+0x229159]
V  [jvm.dll+0x7f809c]
V  [jvm.dll+0x7f25fa]
V  [jvm.dll+0x682985]
C  [ucrtbase.dll+0x26c0c]
C  [KERNEL32.DLL+0x153e0]
C  [ntdll.dll+0x485b]


---------------  P R O C E S S  ---------------

Threads class SMR info:
_java_thread_list=0x000001ef1f5959d0, length=13, elements={
0x000001ef7d78bd80, 0x000001ef193f2ec0, 0x000001ef193f3870, 0x000001ef1a04a530,
0x000001ef1a04aee0, 0x000001ef1a050100, 0x000001ef1a050ab0, 0x000001ef1a04e900,
0x000001ef1a04f3a0, 0x000001ef1a0259a0, 0x000001ef1a1aa710, 0x000001ef1a1b3080,
0x000001ef20bc3880
}

Java Threads: ( => current thread )
  0x000001ef7d78bd80 JavaThread "main" [_thread_in_native, id=24352, stack(0x000000ab4ab00000,0x000000ab4ac00000)]
  0x000001ef193f2ec0 JavaThread "Reference Handler" daemon [_thread_blocked, id=4728, stack(0x000000ab4b200000,0x000000ab4b300000)]
  0x000001ef193f3870 JavaThread "Finalizer" daemon [_thread_blocked, id=30220, stack(0x000000ab4b300000,0x000000ab4b400000)]
  0x000001ef1a04a530 JavaThread "Signal Dispatcher" daemon [_thread_blocked, id=5096, stack(0x000000ab4b400000,0x000000ab4b500000)]
  0x000001ef1a04aee0 JavaThread "Attach Listener" daemon [_thread_blocked, id=22168, stack(0x000000ab4b500000,0x000000ab4b600000)]
  0x000001ef1a050100 JavaThread "Service Thread" daemon [_thread_blocked, id=16204, stack(0x000000ab4b600000,0x000000ab4b700000)]
  0x000001ef1a050ab0 JavaThread "Monitor Deflation Thread" daemon [_thread_blocked, id=26228, stack(0x000000ab4b700000,0x000000ab4b800000)]
  0x000001ef1a04e900 JavaThread "C2 CompilerThread0" daemon [_thread_in_native, id=5516, stack(0x000000ab4b800000,0x000000ab4b900000)]
  0x000001ef1a04f3a0 JavaThread "C1 CompilerThread0" daemon [_thread_blocked, id=18196, stack(0x000000ab4b900000,0x000000ab4ba00000)]
  0x000001ef1a0259a0 JavaThread "Sweeper thread" daemon [_thread_blocked, id=26992, stack(0x000000ab4ba00000,0x000000ab4bb00000)]
  0x000001ef1a1aa710 JavaThread "Notification Thread" daemon [_thread_blocked, id=30644, stack(0x000000ab4bb00000,0x000000ab4bc00000)]
  0x000001ef1a1b3080 JavaThread "Common-Cleaner" daemon [_thread_blocked, id=14624, stack(0x000000ab4bd00000,0x000000ab4be00000)]
=>0x000001ef20bc3880 JavaThread "C2 CompilerThread1" daemon [_thread_in_native, id=30116, stack(0x000000ab4c200000,0x000000ab4c300000)]

Other Threads:
  0x000001ef193eec60 VMThread "VM Thread" [stack: 0x000000ab4b100000,0x000000ab4b200000] [id=22572]
  0x000001ef1a11c7b0 WatcherThread [stack: 0x000000ab4bc00000,0x000000ab4bd00000] [id=23248]
  0x000001ef7d7e77a0 GCTaskThread "GC Thread#0" [stack: 0x000000ab4ac00000,0x000000ab4ad00000] [id=17740]
  0x000001ef1a78ce50 GCTaskThread "GC Thread#1" [stack: 0x000000ab4be00000,0x000000ab4bf00000] [id=10684]
  0x000001ef1a7c34a0 GCTaskThread "GC Thread#2" [stack: 0x000000ab4bf00000,0x000000ab4c000000] [id=15844]
  0x000001ef1a7c3750 GCTaskThread "GC Thread#3" [stack: 0x000000ab4c000000,0x000000ab4c100000] [id=11308]
  0x000001ef1a7c3a00 GCTaskThread "GC Thread#4" [stack: 0x000000ab4c100000,0x000000ab4c200000] [id=17192]
  0x000001ef1b63f8c0 GCTaskThread "GC Thread#5" [stack: 0x000000ab4c300000,0x000000ab4c400000] [id=1228]
  0x000001ef1b782890 GCTaskThread "GC Thread#6" [stack: 0x000000ab4c400000,0x000000ab4c500000] [id=25560]
  0x000001ef1b782330 GCTaskThread "GC Thread#7" [stack: 0x000000ab4c500000,0x000000ab4c600000] [id=7980]
  0x000001ef7d7f7e60 ConcurrentGCThread "G1 Main Marker" [stack: 0x000000ab4ad00000,0x000000ab4ae00000] [id=25760]
  0x000001ef7d7f8870 ConcurrentGCThread "G1 Conc#0" [stack: 0x000000ab4ae00000,0x000000ab4af00000] [id=1404]
  0x000001ef1b7830a0 ConcurrentGCThread "G1 Conc#1" [stack: 0x000000ab4c600000,0x000000ab4c700000] [id=3688]
  0x000001ef7d8525d0 ConcurrentGCThread "G1 Refine#0" [stack: 0x000000ab4af00000,0x000000ab4b000000] [id=25368]
  0x000001ef1f314870 ConcurrentGCThread "G1 Refine#1" [stack: 0x000000ab4c700000,0x000000ab4c800000] [id=30428]
  0x000001ef192420b0 ConcurrentGCThread "G1 Service" [stack: 0x000000ab4b000000,0x000000ab4b100000] [id=30224]

Threads with active compile tasks:
C2 CompilerThread0     6930 6916   !   4       jdk.internal.loader.BuiltinClassLoader::loadClassOrNull (143 bytes)
C2 CompilerThread1     6930 6879       4       org.jetbrains.kotlin.load.java.structure.impl.classFiles.BinaryJavaMethodBase$Companion::create (572 bytes)

VM state: not at safepoint (normal execution)

VM Mutex/Monitor currently owned by a thread: None

Heap address: 0x0000000084400000, size: 1980 MB, Compressed Oops mode: 32-bit

CDS archive(s) not mapped
Compressed class space mapped at: 0x0000000100000000-0x0000000140000000, reserved size: 1073741824
Narrow klass base: 0x0000000000000000, Narrow klass shift: 3, Narrow klass range: 0x140000000

GC Precious Log:
 CPUs: 8 total, 8 available
 Memory: 7914M
 Large Page Support: Disabled
 NUMA Support: Disabled
 Compressed Oops: Enabled (32-bit)
 Heap Region Size: 1M
 Heap Min Capacity: 8M
 Heap Initial Capacity: 124M
 Heap Max Capacity: 1980M
 Pre-touch: Disabled
 Parallel Workers: 8
 Concurrent Workers: 2
 Concurrent Refinement Workers: 8
 Periodic GC: Disabled

Heap:
 garbage-first heap   total 217088K, used 62107K [0x0000000084400000, 0x0000000100000000)
  region size 1024K, 16 young (16384K), 4 survivors (4096K)
 Metaspace       used 65678K, committed 65984K, reserved 1114112K
  class space    used 7842K, committed 8000K, reserved 1048576K

Heap Regions: E=young(eden), S=young(survivor), O=old, HS=humongous(starts), HC=humongous(continues), CS=collection set, F=free, OA=open archive, CA=closed archive, TAMS=top-at-mark-start (previous, next)
|   0|0x0000000084400000, 0x0000000084500000, 0x0000000084500000|100%|HS|  |TAMS 0x0000000084500000, 0x0000000084400000| Complete 
|   1|0x0000000084500000, 0x0000000084600000, 0x0000000084600000|100%|HC|  |TAMS 0x0000000084600000, 0x0000000084500000| Complete 
|   2|0x0000000084600000, 0x0000000084700000, 0x0000000084700000|100%|HC|  |TAMS 0x0000000084700000, 0x0000000084600000| Complete 
|   3|0x0000000084700000, 0x0000000084800000, 0x0000000084800000|100%|HC|  |TAMS 0x0000000084800000, 0x0000000084700000| Complete 
|   4|0x0000000084800000, 0x0000000084900000, 0x0000000084900000|100%| O|  |TAMS 0x0000000084900000, 0x0000000084800000| Untracked 
|   5|0x0000000084900000, 0x0000000084a00000, 0x0000000084a00000|100%| O|  |TAMS 0x0000000084a00000, 0x0000000084900000| Untracked 
|   6|0x0000000084a00000, 0x0000000084b00000, 0x0000000084b00000|100%| O|  |TAMS 0x0000000084b00000, 0x0000000084a00000| Untracked 
|   7|0x0000000084b00000, 0x0000000084c00000, 0x0000000084c00000|100%|HS|  |TAMS 0x0000000084c00000, 0x0000000084b00000| Complete 
|   8|0x0000000084c00000, 0x0000000084d00000, 0x0000000084d00000|100%|HC|  |TAMS 0x0000000084d00000, 0x0000000084c00000| Complete 
|   9|0x0000000084d00000, 0x0000000084e00000, 0x0000000084e00000|100%|HC|  |TAMS 0x0000000084e00000, 0x0000000084d00000| Complete 
|  10|0x0000000084e00000, 0x0000000084f00000, 0x0000000084f00000|100%|HC|  |TAMS 0x0000000084f00000, 0x0000000084e00000| Complete 
|  11|0x0000000084f00000, 0x0000000085000000, 0x0000000085000000|100%| O|  |TAMS 0x0000000085000000, 0x0000000084f00000| Untracked 
|  12|0x0000000085000000, 0x0000000085100000, 0x0000000085100000|100%| O|  |TAMS 0x0000000085100000, 0x0000000085000000| Untracked 
|  13|0x0000000085100000, 0x0000000085200000, 0x0000000085200000|100%| O|  |TAMS 0x0000000085200000, 0x0000000085100000| Untracked 
|  14|0x0000000085200000, 0x0000000085300000, 0x0000000085300000|100%| O|  |TAMS 0x0000000085300000, 0x0000000085200000| Untracked 
|  15|0x0000000085300000, 0x0000000085400000, 0x0000000085400000|100%| O|  |TAMS 0x0000000085400000, 0x0000000085300000| Untracked 
|  16|0x0000000085400000, 0x0000000085500000, 0x0000000085500000|100%| O|  |TAMS 0x0000000085500000, 0x0000000085400000| Untracked 
|  17|0x0000000085500000, 0x0000000085600000, 0x0000000085600000|100%| O|  |TAMS 0x0000000085600000, 0x0000000085500000| Untracked 
|  18|0x0000000085600000, 0x0000000085700000, 0x0000000085700000|100%| O|  |TAMS 0x0000000085700000, 0x0000000085600000| Untracked 
|  19|0x0000000085700000, 0x0000000085800000, 0x0000000085800000|100%| O|  |TAMS 0x0000000085800000, 0x0000000085700000| Untracked 
|  20|0x0000000085800000, 0x0000000085900000, 0x0000000085900000|100%| O|  |TAMS 0x0000000085900000, 0x0000000085800000| Untracked 
|  21|0x0000000085900000, 0x0000000085a00000, 0x0000000085a00000|100%| O|  |TAMS 0x0000000085a00000, 0x0000000085900000| Untracked 
|  22|0x0000000085a00000, 0x0000000085a00000, 0x0000000085b00000|  0%| F|  |TAMS 0x0000000085a00000, 0x0000000085a00000| Untracked 
|  23|0x0000000085b00000, 0x0000000085c00000, 0x0000000085c00000|100%| O|  |TAMS 0x0000000085c00000, 0x0000000085b00000| Untracked 
|  24|0x0000000085c00000, 0x0000000085d00000, 0x0000000085d00000|100%| O|  |TAMS 0x0000000085d00000, 0x0000000085c00000| Untracked 
|  25|0x0000000085d00000, 0x0000000085e00000, 0x0000000085e00000|100%| O|  |TAMS 0x0000000085e00000, 0x0000000085d00000| Untracked 
|  26|0x0000000085e00000, 0x0000000085f00000, 0x0000000085f00000|100%|HS|  |TAMS 0x0000000085f00000, 0x0000000085e00000| Complete 
|  27|0x0000000085f00000, 0x0000000086000000, 0x0000000086000000|100%|HC|  |TAMS 0x0000000086000000, 0x0000000085f00000| Complete 
|  28|0x0000000086000000, 0x0000000086100000, 0x0000000086100000|100%| O|  |TAMS 0x0000000086000000, 0x0000000086000000| Untracked 
|  29|0x0000000086100000, 0x0000000086200000, 0x0000000086200000|100%| O|  |TAMS 0x0000000086200000, 0x0000000086100000| Untracked 
|  30|0x0000000086200000, 0x0000000086300000, 0x0000000086300000|100%| O|  |TAMS 0x00000000862e3a00, 0x0000000086200000| Untracked 
|  31|0x0000000086300000, 0x0000000086400000, 0x0000000086400000|100%| O|  |TAMS 0x0000000086300000, 0x0000000086300000| Untracked 
|  32|0x0000000086400000, 0x0000000086500000, 0x0000000086500000|100%| O|  |TAMS 0x0000000086400000, 0x0000000086400000| Untracked 
|  33|0x0000000086500000, 0x0000000086600000, 0x0000000086600000|100%| O|  |TAMS 0x0000000086500000, 0x0000000086500000| Untracked 
|  34|0x0000000086600000, 0x0000000086700000, 0x0000000086700000|100%| O|  |TAMS 0x0000000086600000, 0x0000000086600000| Untracked 
|  35|0x0000000086700000, 0x0000000086800000, 0x0000000086800000|100%| O|  |TAMS 0x0000000086700000, 0x0000000086700000| Untracked 
|  36|0x0000000086800000, 0x0000000086900000, 0x0000000086900000|100%| O|  |TAMS 0x0000000086800000, 0x0000000086800000| Untracked 
|  37|0x0000000086900000, 0x0000000086a00000, 0x0000000086a00000|100%| O|  |TAMS 0x0000000086900000, 0x0000000086900000| Untracked 
|  38|0x0000000086a00000, 0x0000000086b00000, 0x0000000086b00000|100%| O|  |TAMS 0x0000000086a00000, 0x0000000086a00000| Untracked 
|  39|0x0000000086b00000, 0x0000000086c00000, 0x0000000086c00000|100%| O|  |TAMS 0x0000000086b00000, 0x0000000086b00000| Untracked 
|  40|0x0000000086c00000, 0x0000000086d00000, 0x0000000086d00000|100%| O|  |TAMS 0x0000000086c00000, 0x0000000086c00000| Untracked 
|  41|0x0000000086d00000, 0x0000000086e00000, 0x0000000086e00000|100%| O|  |TAMS 0x0000000086d00000, 0x0000000086d00000| Untracked 
|  42|0x0000000086e00000, 0x0000000086f00000, 0x0000000086f00000|100%| O|  |TAMS 0x0000000086e00000, 0x0000000086e00000| Untracked 
|  43|0x0000000086f00000, 0x0000000087000000, 0x0000000087000000|100%| O|  |TAMS 0x0000000086f00000, 0x0000000086f00000| Untracked 
|  44|0x0000000087000000, 0x0000000087100000, 0x0000000087100000|100%| O|  |TAMS 0x0000000087000000, 0x0000000087000000| Untracked 
|  45|0x0000000087100000, 0x0000000087200000, 0x0000000087200000|100%| O|  |TAMS 0x0000000087100000, 0x0000000087100000| Untracked 
|  46|0x0000000087200000, 0x0000000087261000, 0x0000000087300000| 37%| O|  |TAMS 0x0000000087200000, 0x0000000087200000| Untracked 
|  47|0x0000000087300000, 0x0000000087300000, 0x0000000087400000|  0%| F|  |TAMS 0x0000000087300000, 0x0000000087300000| Untracked 
|  48|0x0000000087400000, 0x0000000087400000, 0x0000000087500000|  0%| F|  |TAMS 0x0000000087400000, 0x0000000087400000| Untracked 
|  49|0x0000000087500000, 0x0000000087500000, 0x0000000087600000|  0%| F|  |TAMS 0x0000000087500000, 0x0000000087500000| Untracked 
|  50|0x0000000087600000, 0x0000000087600000, 0x0000000087700000|  0%| F|  |TAMS 0x0000000087600000, 0x0000000087600000| Untracked 
|  51|0x0000000087700000, 0x0000000087700000, 0x0000000087800000|  0%| F|  |TAMS 0x0000000087700000, 0x0000000087700000| Untracked 
|  52|0x0000000087800000, 0x0000000087800000, 0x0000000087900000|  0%| F|  |TAMS 0x0000000087800000, 0x0000000087800000| Untracked 
|  53|0x0000000087900000, 0x0000000087900000, 0x0000000087a00000|  0%| F|  |TAMS 0x0000000087900000, 0x0000000087900000| Untracked 
|  54|0x0000000087a00000, 0x0000000087a00000, 0x0000000087b00000|  0%| F|  |TAMS 0x0000000087a00000, 0x0000000087a00000| Untracked 
|  55|0x0000000087b00000, 0x0000000087b00000, 0x0000000087c00000|  0%| F|  |TAMS 0x0000000087b00000, 0x0000000087b00000| Untracked 
|  56|0x0000000087c00000, 0x0000000087c00000, 0x0000000087d00000|  0%| F|  |TAMS 0x0000000087c00000, 0x0000000087c00000| Untracked 
|  57|0x0000000087d00000, 0x0000000087d00000, 0x0000000087e00000|  0%| F|  |TAMS 0x0000000087d00000, 0x0000000087d00000| Untracked 
|  58|0x0000000087e00000, 0x0000000087e00000, 0x0000000087f00000|  0%| F|  |TAMS 0x0000000087e00000, 0x0000000087e00000| Untracked 
|  59|0x0000000087f00000, 0x0000000087f00000, 0x0000000088000000|  0%| F|  |TAMS 0x0000000087f00000, 0x0000000087f00000| Untracked 
|  60|0x0000000088000000, 0x0000000088000000, 0x0000000088100000|  0%| F|  |TAMS 0x0000000088000000, 0x0000000088000000| Untracked 
|  61|0x0000000088100000, 0x0000000088100000, 0x0000000088200000|  0%| F|  |TAMS 0x0000000088100000, 0x0000000088100000| Untracked 
|  62|0x0000000088200000, 0x0000000088200000, 0x0000000088300000|  0%| F|  |TAMS 0x0000000088200000, 0x0000000088200000| Untracked 
|  63|0x0000000088300000, 0x0000000088300000, 0x0000000088400000|  0%| F|  |TAMS 0x0000000088300000, 0x0000000088300000| Untracked 
|  64|0x0000000088400000, 0x0000000088400000, 0x0000000088500000|  0%| F|  |TAMS 0x0000000088400000, 0x0000000088400000| Untracked 
|  65|0x0000000088500000, 0x0000000088500000, 0x0000000088600000|  0%| F|  |TAMS 0x0000000088500000, 0x0000000088500000| Untracked 
|  66|0x0000000088600000, 0x0000000088600000, 0x0000000088700000|  0%| F|  |TAMS 0x0000000088600000, 0x0000000088600000| Untracked 
|  67|0x0000000088700000, 0x0000000088745c90, 0x0000000088800000| 27%| S|CS|TAMS 0x0000000088700000, 0x0000000088700000| Complete 
|  68|0x0000000088800000, 0x0000000088900000, 0x0000000088900000|100%| S|CS|TAMS 0x0000000088800000, 0x0000000088800000| Complete 
|  69|0x0000000088900000, 0x0000000088a00000, 0x0000000088a00000|100%| S|CS|TAMS 0x0000000088900000, 0x0000000088900000| Complete 
|  70|0x0000000088a00000, 0x0000000088b00000, 0x0000000088b00000|100%| S|CS|TAMS 0x0000000088a00000, 0x0000000088a00000| Complete 
|  71|0x0000000088b00000, 0x0000000088b00000, 0x0000000088c00000|  0%| F|  |TAMS 0x0000000088b00000, 0x0000000088b00000| Untracked 
|  72|0x0000000088c00000, 0x0000000088c00000, 0x0000000088d00000|  0%| F|  |TAMS 0x0000000088c00000, 0x0000000088c00000| Untracked 
|  73|0x0000000088d00000, 0x0000000088d00000, 0x0000000088e00000|  0%| F|  |TAMS 0x0000000088d00000, 0x0000000088d00000| Untracked 
|  74|0x0000000088e00000, 0x0000000088e00000, 0x0000000088f00000|  0%| F|  |TAMS 0x0000000088e00000, 0x0000000088e00000| Untracked 
|  75|0x0000000088f00000, 0x0000000088f00000, 0x0000000089000000|  0%| F|  |TAMS 0x0000000088f00000, 0x0000000088f00000| Untracked 
|  76|0x0000000089000000, 0x0000000089000000, 0x0000000089100000|  0%| F|  |TAMS 0x0000000089000000, 0x0000000089000000| Untracked 
|  77|0x0000000089100000, 0x0000000089100000, 0x0000000089200000|  0%| F|  |TAMS 0x0000000089100000, 0x0000000089100000| Untracked 
|  78|0x0000000089200000, 0x0000000089200000, 0x0000000089300000|  0%| F|  |TAMS 0x0000000089200000, 0x0000000089200000| Untracked 
|  79|0x0000000089300000, 0x0000000089300000, 0x0000000089400000|  0%| F|  |TAMS 0x0000000089300000, 0x0000000089300000| Untracked 
|  80|0x0000000089400000, 0x0000000089400000, 0x0000000089500000|  0%| F|  |TAMS 0x0000000089400000, 0x0000000089400000| Untracked 
|  81|0x0000000089500000, 0x0000000089500000, 0x0000000089600000|  0%| F|  |TAMS 0x0000000089500000, 0x0000000089500000| Untracked 
|  82|0x0000000089600000, 0x0000000089600000, 0x0000000089700000|  0%| F|  |TAMS 0x0000000089600000, 0x0000000089600000| Untracked 
|  83|0x0000000089700000, 0x0000000089700000, 0x0000000089800000|  0%| F|  |TAMS 0x0000000089700000, 0x0000000089700000| Untracked 
|  84|0x0000000089800000, 0x0000000089800000, 0x0000000089900000|  0%| F|  |TAMS 0x0000000089800000, 0x0000000089800000| Untracked 
|  85|0x0000000089900000, 0x0000000089900000, 0x0000000089a00000|  0%| F|  |TAMS 0x0000000089900000, 0x0000000089900000| Untracked 
|  86|0x0000000089a00000, 0x0000000089a00000, 0x0000000089b00000|  0%| F|  |TAMS 0x0000000089a00000, 0x0000000089a00000| Untracked 
|  87|0x0000000089b00000, 0x0000000089b00000, 0x0000000089c00000|  0%| F|  |TAMS 0x0000000089b00000, 0x0000000089b00000| Untracked 
|  88|0x0000000089c00000, 0x0000000089c00000, 0x0000000089d00000|  0%| F|  |TAMS 0x0000000089c00000, 0x0000000089c00000| Untracked 
|  89|0x0000000089d00000, 0x0000000089d00000, 0x0000000089e00000|  0%| F|  |TAMS 0x0000000089d00000, 0x0000000089d00000| Untracked 
|  90|0x0000000089e00000, 0x0000000089e00000, 0x0000000089f00000|  0%| F|  |TAMS 0x0000000089e00000, 0x0000000089e00000| Untracked 
|  91|0x0000000089f00000, 0x0000000089f00000, 0x000000008a000000|  0%| F|  |TAMS 0x0000000089f00000, 0x0000000089f00000| Untracked 
|  92|0x000000008a000000, 0x000000008a000000, 0x000000008a100000|  0%| F|  |TAMS 0x000000008a000000, 0x000000008a000000| Untracked 
|  93|0x000000008a100000, 0x000000008a100000, 0x000000008a200000|  0%| F|  |TAMS 0x000000008a100000, 0x000000008a100000| Untracked 
|  94|0x000000008a200000, 0x000000008a200000, 0x000000008a300000|  0%| F|  |TAMS 0x000000008a200000, 0x000000008a200000| Untracked 
|  95|0x000000008a300000, 0x000000008a300000, 0x000000008a400000|  0%| F|  |TAMS 0x000000008a300000, 0x000000008a300000| Untracked 
|  96|0x000000008a400000, 0x000000008a400000, 0x000000008a500000|  0%| F|  |TAMS 0x000000008a400000, 0x000000008a400000| Untracked 
|  97|0x000000008a500000, 0x000000008a500000, 0x000000008a600000|  0%| F|  |TAMS 0x000000008a500000, 0x000000008a500000| Untracked 
|  98|0x000000008a600000, 0x000000008a600000, 0x000000008a700000|  0%| F|  |TAMS 0x000000008a600000, 0x000000008a600000| Untracked 
|  99|0x000000008a700000, 0x000000008a700000, 0x000000008a800000|  0%| F|  |TAMS 0x000000008a700000, 0x000000008a700000| Untracked 
| 100|0x000000008a800000, 0x000000008a800000, 0x000000008a900000|  0%| F|  |TAMS 0x000000008a800000, 0x000000008a800000| Untracked 
| 101|0x000000008a900000, 0x000000008a900000, 0x000000008aa00000|  0%| F|  |TAMS 0x000000008a900000, 0x000000008a900000| Untracked 
| 102|0x000000008aa00000, 0x000000008aa00000, 0x000000008ab00000|  0%| F|  |TAMS 0x000000008aa00000, 0x000000008aa00000| Untracked 
| 103|0x000000008ab00000, 0x000000008ab00000, 0x000000008ac00000|  0%| F|  |TAMS 0x000000008ab00000, 0x000000008ab00000| Untracked 
| 104|0x000000008ac00000, 0x000000008ac00000, 0x000000008ad00000|  0%| F|  |TAMS 0x000000008ac00000, 0x000000008ac00000| Untracked 
| 105|0x000000008ad00000, 0x000000008ad00000, 0x000000008ae00000|  0%| F|  |TAMS 0x000000008ad00000, 0x000000008ad00000| Untracked 
| 106|0x000000008ae00000, 0x000000008ae00000, 0x000000008af00000|  0%| F|  |TAMS 0x000000008ae00000, 0x000000008ae00000| Untracked 
| 107|0x000000008af00000, 0x000000008af00000, 0x000000008b000000|  0%| F|  |TAMS 0x000000008af00000, 0x000000008af00000| Untracked 
| 108|0x000000008b000000, 0x000000008b000000, 0x000000008b100000|  0%| F|  |TAMS 0x000000008b000000, 0x000000008b000000| Untracked 
| 109|0x000000008b100000, 0x000000008b100000, 0x000000008b200000|  0%| F|  |TAMS 0x000000008b100000, 0x000000008b100000| Untracked 
| 110|0x000000008b200000, 0x000000008b200000, 0x000000008b300000|  0%| F|  |TAMS 0x000000008b200000, 0x000000008b200000| Untracked 
| 111|0x000000008b300000, 0x000000008b300000, 0x000000008b400000|  0%| F|  |TAMS 0x000000008b300000, 0x000000008b300000| Untracked 
| 112|0x000000008b400000, 0x000000008b400000, 0x000000008b500000|  0%| F|  |TAMS 0x000000008b400000, 0x000000008b400000| Untracked 
| 113|0x000000008b500000, 0x000000008b500000, 0x000000008b600000|  0%| F|  |TAMS 0x000000008b500000, 0x000000008b500000| Untracked 
| 114|0x000000008b600000, 0x000000008b600000, 0x000000008b700000|  0%| F|  |TAMS 0x000000008b600000, 0x000000008b600000| Untracked 
| 115|0x000000008b700000, 0x000000008b700000, 0x000000008b800000|  0%| F|  |TAMS 0x000000008b700000, 0x000000008b700000| Untracked 
| 116|0x000000008b800000, 0x000000008b800000, 0x000000008b900000|  0%| F|  |TAMS 0x000000008b800000, 0x000000008b800000| Untracked 
| 117|0x000000008b900000, 0x000000008b900000, 0x000000008ba00000|  0%| F|  |TAMS 0x000000008b900000, 0x000000008b900000| Untracked 
| 118|0x000000008ba00000, 0x000000008ba00000, 0x000000008bb00000|  0%| F|  |TAMS 0x000000008ba00000, 0x000000008ba00000| Untracked 
| 119|0x000000008bb00000, 0x000000008bb00000, 0x000000008bc00000|  0%| F|  |TAMS 0x000000008bb00000, 0x000000008bb00000| Untracked 
| 120|0x000000008bc00000, 0x000000008bc00000, 0x000000008bd00000|  0%| F|  |TAMS 0x000000008bc00000, 0x000000008bc00000| Untracked 
| 121|0x000000008bd00000, 0x000000008bd00000, 0x000000008be00000|  0%| F|  |TAMS 0x000000008bd00000, 0x000000008bd00000| Untracked 
| 122|0x000000008be00000, 0x000000008be00000, 0x000000008bf00000|  0%| F|  |TAMS 0x000000008be00000, 0x000000008be00000| Untracked 
| 123|0x000000008bf00000, 0x000000008bf00000, 0x000000008c000000|  0%| F|  |TAMS 0x000000008bf00000, 0x000000008bf00000| Untracked 
| 124|0x000000008c000000, 0x000000008c000000, 0x000000008c100000|  0%| F|  |TAMS 0x000000008c000000, 0x000000008c000000| Untracked 
| 125|0x000000008c100000, 0x000000008c100000, 0x000000008c200000|  0%| F|  |TAMS 0x000000008c100000, 0x000000008c100000| Untracked 
| 126|0x000000008c200000, 0x000000008c200000, 0x000000008c300000|  0%| F|  |TAMS 0x000000008c200000, 0x000000008c200000| Untracked 
| 127|0x000000008c300000, 0x000000008c300000, 0x000000008c400000|  0%| F|  |TAMS 0x000000008c300000, 0x000000008c300000| Untracked 
| 128|0x000000008c400000, 0x000000008c400000, 0x000000008c500000|  0%| F|  |TAMS 0x000000008c400000, 0x000000008c400000| Untracked 
| 129|0x000000008c500000, 0x000000008c500000, 0x000000008c600000|  0%| F|  |TAMS 0x000000008c500000, 0x000000008c500000| Untracked 
| 130|0x000000008c600000, 0x000000008c600000, 0x000000008c700000|  0%| F|  |TAMS 0x000000008c600000, 0x000000008c600000| Untracked 
| 131|0x000000008c700000, 0x000000008c700000, 0x000000008c800000|  0%| F|  |TAMS 0x000000008c700000, 0x000000008c700000| Untracked 
| 132|0x000000008c800000, 0x000000008c800000, 0x000000008c900000|  0%| F|  |TAMS 0x000000008c800000, 0x000000008c800000| Untracked 
| 133|0x000000008c900000, 0x000000008c900000, 0x000000008ca00000|  0%| F|  |TAMS 0x000000008c900000, 0x000000008c900000| Untracked 
| 134|0x000000008ca00000, 0x000000008ca00000, 0x000000008cb00000|  0%| F|  |TAMS 0x000000008ca00000, 0x000000008ca00000| Untracked 
| 135|0x000000008cb00000, 0x000000008cb00000, 0x000000008cc00000|  0%| F|  |TAMS 0x000000008cb00000, 0x000000008cb00000| Untracked 
| 136|0x000000008cc00000, 0x000000008cc00000, 0x000000008cd00000|  0%| F|  |TAMS 0x000000008cc00000, 0x000000008cc00000| Untracked 
| 137|0x000000008cd00000, 0x000000008cd00000, 0x000000008ce00000|  0%| F|  |TAMS 0x000000008cd00000, 0x000000008cd00000| Untracked 
| 138|0x000000008ce00000, 0x000000008ce00000, 0x000000008cf00000|  0%| F|  |TAMS 0x000000008ce00000, 0x000000008ce00000| Untracked 
| 139|0x000000008cf00000, 0x000000008cf00000, 0x000000008d000000|  0%| F|  |TAMS 0x000000008cf00000, 0x000000008cf00000| Untracked 
| 140|0x000000008d000000, 0x000000008d000000, 0x000000008d100000|  0%| F|  |TAMS 0x000000008d000000, 0x000000008d000000| Untracked 
| 141|0x000000008d100000, 0x000000008d100000, 0x000000008d200000|  0%| F|  |TAMS 0x000000008d100000, 0x000000008d100000| Untracked 
| 142|0x000000008d200000, 0x000000008d200000, 0x000000008d300000|  0%| F|  |TAMS 0x000000008d200000, 0x000000008d200000| Untracked 
| 143|0x000000008d300000, 0x000000008d300000, 0x000000008d400000|  0%| F|  |TAMS 0x000000008d300000, 0x000000008d300000| Untracked 
| 144|0x000000008d400000, 0x000000008d400000, 0x000000008d500000|  0%| F|  |TAMS 0x000000008d400000, 0x000000008d400000| Untracked 
| 145|0x000000008d500000, 0x000000008d500000, 0x000000008d600000|  0%| F|  |TAMS 0x000000008d500000, 0x000000008d500000| Untracked 
| 146|0x000000008d600000, 0x000000008d600000, 0x000000008d700000|  0%| F|  |TAMS 0x000000008d600000, 0x000000008d600000| Untracked 
| 147|0x000000008d700000, 0x000000008d700000, 0x000000008d800000|  0%| F|  |TAMS 0x000000008d700000, 0x000000008d700000| Untracked 
| 148|0x000000008d800000, 0x000000008d800000, 0x000000008d900000|  0%| F|  |TAMS 0x000000008d800000, 0x000000008d800000| Untracked 
| 149|0x000000008d900000, 0x000000008d900000, 0x000000008da00000|  0%| F|  |TAMS 0x000000008d900000, 0x000000008d900000| Untracked 
| 150|0x000000008da00000, 0x000000008da00000, 0x000000008db00000|  0%| F|  |TAMS 0x000000008da00000, 0x000000008da00000| Untracked 
| 151|0x000000008db00000, 0x000000008db00000, 0x000000008dc00000|  0%| F|  |TAMS 0x000000008db00000, 0x000000008db00000| Untracked 
| 152|0x000000008dc00000, 0x000000008dc00000, 0x000000008dd00000|  0%| F|  |TAMS 0x000000008dc00000, 0x000000008dc00000| Untracked 
| 153|0x000000008dd00000, 0x000000008dd00000, 0x000000008de00000|  0%| F|  |TAMS 0x000000008dd00000, 0x000000008dd00000| Untracked 
| 154|0x000000008de00000, 0x000000008de00000, 0x000000008df00000|  0%| F|  |TAMS 0x000000008de00000, 0x000000008de00000| Untracked 
| 155|0x000000008df00000, 0x000000008df00000, 0x000000008e000000|  0%| F|  |TAMS 0x000000008df00000, 0x000000008df00000| Untracked 
| 156|0x000000008e000000, 0x000000008e000000, 0x000000008e100000|  0%| F|  |TAMS 0x000000008e000000, 0x000000008e000000| Untracked 
| 157|0x000000008e100000, 0x000000008e100000, 0x000000008e200000|  0%| F|  |TAMS 0x000000008e100000, 0x000000008e100000| Untracked 
| 158|0x000000008e200000, 0x000000008e200000, 0x000000008e300000|  0%| F|  |TAMS 0x000000008e200000, 0x000000008e200000| Untracked 
| 159|0x000000008e300000, 0x000000008e300000, 0x000000008e400000|  0%| F|  |TAMS 0x000000008e300000, 0x000000008e300000| Untracked 
| 160|0x000000008e400000, 0x000000008e400000, 0x000000008e500000|  0%| F|  |TAMS 0x000000008e400000, 0x000000008e400000| Untracked 
| 161|0x000000008e500000, 0x000000008e500000, 0x000000008e600000|  0%| F|  |TAMS 0x000000008e500000, 0x000000008e500000| Untracked 
| 162|0x000000008e600000, 0x000000008e600000, 0x000000008e700000|  0%| F|  |TAMS 0x000000008e600000, 0x000000008e600000| Untracked 
| 163|0x000000008e700000, 0x000000008e700000, 0x000000008e800000|  0%| F|  |TAMS 0x000000008e700000, 0x000000008e700000| Untracked 
| 164|0x000000008e800000, 0x000000008e800000, 0x000000008e900000|  0%| F|  |TAMS 0x000000008e800000, 0x000000008e800000| Untracked 
| 165|0x000000008e900000, 0x000000008e900000, 0x000000008ea00000|  0%| F|  |TAMS 0x000000008e900000, 0x000000008e900000| Untracked 
| 166|0x000000008ea00000, 0x000000008ea00000, 0x000000008eb00000|  0%| F|  |TAMS 0x000000008ea00000, 0x000000008ea00000| Untracked 
| 167|0x000000008eb00000, 0x000000008eb00000, 0x000000008ec00000|  0%| F|  |TAMS 0x000000008eb00000, 0x000000008eb00000| Untracked 
| 168|0x000000008ec00000, 0x000000008ec00000, 0x000000008ed00000|  0%| F|  |TAMS 0x000000008ec00000, 0x000000008ec00000| Untracked 
| 169|0x000000008ed00000, 0x000000008ed00000, 0x000000008ee00000|  0%| F|  |TAMS 0x000000008ed00000, 0x000000008ed00000| Untracked 
| 170|0x000000008ee00000, 0x000000008ee00000, 0x000000008ef00000|  0%| F|  |TAMS 0x000000008ee00000, 0x000000008ee00000| Untracked 
| 171|0x000000008ef00000, 0x000000008ef00000, 0x000000008f000000|  0%| F|  |TAMS 0x000000008ef00000, 0x000000008ef00000| Untracked 
| 172|0x000000008f000000, 0x000000008f000000, 0x000000008f100000|  0%| F|  |TAMS 0x000000008f000000, 0x000000008f000000| Untracked 
| 173|0x000000008f100000, 0x000000008f100000, 0x000000008f200000|  0%| F|  |TAMS 0x000000008f100000, 0x000000008f100000| Untracked 
| 174|0x000000008f200000, 0x000000008f200000, 0x000000008f300000|  0%| F|  |TAMS 0x000000008f200000, 0x000000008f200000| Untracked 
| 175|0x000000008f300000, 0x000000008f300000, 0x000000008f400000|  0%| F|  |TAMS 0x000000008f300000, 0x000000008f300000| Untracked 
| 176|0x000000008f400000, 0x000000008f400000, 0x000000008f500000|  0%| F|  |TAMS 0x000000008f400000, 0x000000008f400000| Untracked 
| 177|0x000000008f500000, 0x000000008f500000, 0x000000008f600000|  0%| F|  |TAMS 0x000000008f500000, 0x000000008f500000| Untracked 
| 178|0x000000008f600000, 0x000000008f600000, 0x000000008f700000|  0%| F|  |TAMS 0x000000008f600000, 0x000000008f600000| Untracked 
| 179|0x000000008f700000, 0x000000008f700000, 0x000000008f800000|  0%| F|  |TAMS 0x000000008f700000, 0x000000008f700000| Untracked 
| 180|0x000000008f800000, 0x000000008f800000, 0x000000008f900000|  0%| F|  |TAMS 0x000000008f800000, 0x000000008f800000| Untracked 
| 181|0x000000008f900000, 0x000000008f900000, 0x000000008fa00000|  0%| F|  |TAMS 0x000000008f900000, 0x000000008f900000| Untracked 
| 182|0x000000008fa00000, 0x000000008fa00000, 0x000000008fb00000|  0%| F|  |TAMS 0x000000008fa00000, 0x000000008fa00000| Untracked 
| 183|0x000000008fb00000, 0x000000008fb00000, 0x000000008fc00000|  0%| F|  |TAMS 0x000000008fb00000, 0x000000008fb00000| Untracked 
| 184|0x000000008fc00000, 0x000000008fc00000, 0x000000008fd00000|  0%| F|  |TAMS 0x000000008fc00000, 0x000000008fc00000| Untracked 
| 185|0x000000008fd00000, 0x000000008fd00000, 0x000000008fe00000|  0%| F|  |TAMS 0x000000008fd00000, 0x000000008fd00000| Untracked 
| 186|0x000000008fe00000, 0x000000008fe00000, 0x000000008ff00000|  0%| F|  |TAMS 0x000000008fe00000, 0x000000008fe00000| Untracked 
| 187|0x000000008ff00000, 0x000000008ff00000, 0x0000000090000000|  0%| F|  |TAMS 0x000000008ff00000, 0x000000008ff00000| Untracked 
| 188|0x0000000090000000, 0x0000000090000000, 0x0000000090100000|  0%| F|  |TAMS 0x0000000090000000, 0x0000000090000000| Untracked 
| 189|0x0000000090100000, 0x0000000090100000, 0x0000000090200000|  0%| F|  |TAMS 0x0000000090100000, 0x0000000090100000| Untracked 
| 190|0x0000000090200000, 0x0000000090200000, 0x0000000090300000|  0%| F|  |TAMS 0x0000000090200000, 0x0000000090200000| Untracked 
| 191|0x0000000090300000, 0x0000000090300000, 0x0000000090400000|  0%| F|  |TAMS 0x0000000090300000, 0x0000000090300000| Untracked 
| 192|0x0000000090400000, 0x0000000090400000, 0x0000000090500000|  0%| F|  |TAMS 0x0000000090400000, 0x0000000090400000| Untracked 
| 193|0x0000000090500000, 0x0000000090500000, 0x0000000090600000|  0%| F|  |TAMS 0x0000000090500000, 0x0000000090500000| Untracked 
| 194|0x0000000090600000, 0x0000000090600000, 0x0000000090700000|  0%| F|  |TAMS 0x0000000090600000, 0x0000000090600000| Untracked 
| 195|0x0000000090700000, 0x0000000090700000, 0x0000000090800000|  0%| F|  |TAMS 0x0000000090700000, 0x0000000090700000| Untracked 
| 196|0x0000000090800000, 0x0000000090800000, 0x0000000090900000|  0%| F|  |TAMS 0x0000000090800000, 0x0000000090800000| Untracked 
| 197|0x0000000090900000, 0x0000000090998500, 0x0000000090a00000| 59%| E|  |TAMS 0x0000000090900000, 0x0000000090900000| Complete 
| 198|0x0000000090a00000, 0x0000000090b00000, 0x0000000090b00000|100%| E|CS|TAMS 0x0000000090a00000, 0x0000000090a00000| Complete 
| 199|0x0000000090b00000, 0x0000000090c00000, 0x0000000090c00000|100%| E|CS|TAMS 0x0000000090b00000, 0x0000000090b00000| Complete 
| 200|0x0000000090c00000, 0x0000000090d00000, 0x0000000090d00000|100%| E|CS|TAMS 0x0000000090c00000, 0x0000000090c00000| Complete 
| 201|0x0000000090d00000, 0x0000000090e00000, 0x0000000090e00000|100%| E|CS|TAMS 0x0000000090d00000, 0x0000000090d00000| Complete 
| 202|0x0000000090e00000, 0x0000000090f00000, 0x0000000090f00000|100%| E|CS|TAMS 0x0000000090e00000, 0x0000000090e00000| Complete 
| 203|0x0000000090f00000, 0x0000000091000000, 0x0000000091000000|100%| E|CS|TAMS 0x0000000090f00000, 0x0000000090f00000| Complete 
| 204|0x0000000091000000, 0x0000000091100000, 0x0000000091100000|100%| E|CS|TAMS 0x0000000091000000, 0x0000000091000000| Complete 
| 205|0x0000000091100000, 0x0000000091200000, 0x0000000091200000|100%| E|CS|TAMS 0x0000000091100000, 0x0000000091100000| Complete 
| 206|0x0000000091200000, 0x0000000091300000, 0x0000000091300000|100%| E|CS|TAMS 0x0000000091200000, 0x0000000091200000| Complete 
| 207|0x0000000091300000, 0x0000000091400000, 0x0000000091400000|100%| E|CS|TAMS 0x0000000091300000, 0x0000000091300000| Complete 
| 208|0x0000000091400000, 0x0000000091500000, 0x0000000091500000|100%| E|CS|TAMS 0x0000000091400000, 0x0000000091400000| Complete 
| 209|0x0000000091500000, 0x0000000091600000, 0x0000000091600000|100%| E|CS|TAMS 0x0000000091500000, 0x0000000091500000| Complete 
| 210|0x0000000091600000, 0x0000000091700000, 0x0000000091700000|100%| E|CS|TAMS 0x0000000091600000, 0x0000000091600000| Complete 
|1979|0x00000000fff00000, 0x0000000100000000, 0x0000000100000000|100%| O|  |TAMS 0x0000000100000000, 0x00000000fff00000| Untracked 

Card table byte_map: [0x000001ef12400000,0x000001ef127e0000] _byte_map_base: 0x000001ef11fde000

Marking Bits (Prev, Next): (CMBitMap*) 0x000001ef7d7e7df0, (CMBitMap*) 0x000001ef7d7e7db0
 Prev Bits: [0x000001ef14ab0000, 0x000001ef169a0000)
 Next Bits: [0x000001ef12bc0000, 0x000001ef14ab0000)

Polling page: 0x000001ef7d860000

Metaspace:

Usage:
  Non-class:     56.94 MB used.
      Class:      7.69 MB used.
       Both:     64.64 MB used.

Virtual space:
  Non-class space:       64.00 MB reserved,      57.12 MB ( 89%) committed,  8 nodes.
      Class space:        1.00 GB reserved,       7.81 MB ( <1%) committed,  1 nodes.
             Both:        1.06 GB reserved,      64.94 MB (  6%) committed. 

Chunk freelists:
   Non-Class:  2.67 MB
       Class:  144.00 KB
        Both:  2.81 MB

MaxMetaspaceSize: unlimited
CompressedClassSpaceSize: 1.00 GB
Initial GC threshold: 21.00 MB
Current GC threshold: 91.19 MB
CDS: off
MetaspaceReclaimPolicy: balanced
 - commit_granule_bytes: 65536.
 - commit_granule_words: 8192.
 - virtual_space_node_default_size: 1048576.
 - enlarge_chunks_in_place: 1.
 - new_chunks_are_fully_committed: 0.
 - uncommit_free_chunks: 1.
 - use_allocation_guard: 0.
 - handle_deallocations: 1.


Internal statistics:

num_allocs_failed_limit: 6.
num_arena_births: 254.
num_arena_deaths: 0.
num_vsnodes_births: 9.
num_vsnodes_deaths: 0.
num_space_committed: 1037.
num_space_uncommitted: 0.
num_chunks_returned_to_freelist: 6.
num_chunks_taken_from_freelist: 2242.
num_chunk_merges: 6.
num_chunk_splits: 1842.
num_chunks_enlarged: 1653.
num_purges: 0.
num_inconsistent_stats: 0.

CodeHeap 'non-profiled nmethods': size=120000Kb used=3236Kb max_used=3236Kb free=116763Kb
 bounds [0x000001ef0aed0000, 0x000001ef0b200000, 0x000001ef12400000]
CodeHeap 'profiled nmethods': size=120000Kb used=14571Kb max_used=14571Kb free=105428Kb
 bounds [0x000001ef03400000, 0x000001ef04240000, 0x000001ef0a930000]
CodeHeap 'non-nmethods': size=5760Kb used=1358Kb max_used=1376Kb free=4401Kb
 bounds [0x000001ef0a930000, 0x000001ef0aba0000, 0x000001ef0aed0000]
 total_blobs=6789 nmethods=6116 adapters=584
 compilation: enabled
              stopped_count=0, restarted_count=0
 full_count=0

Compilation events (20 events):
Event: 6.790 Thread 0x000001ef1a04f3a0 nmethod 6914 0x000001ef04211110 code [0x000001ef04211340, 0x000001ef04211be8]
Event: 6.790 Thread 0x000001ef1a04f3a0 6915       3       org.jetbrains.kotlin.psi.KtVisitorVoid::visitSimpleNameExpression (10 bytes)
Event: 6.790 Thread 0x000001ef1a04f3a0 nmethod 6915 0x000001ef04211e90 code [0x000001ef04212060, 0x000001ef042123f8]
Event: 6.814 Thread 0x000001ef1a04e900 nmethod 6880 0x000001ef0b1f1190 code [0x000001ef0b1f1400, 0x000001ef0b1f3170]
Event: 6.814 Thread 0x000001ef1a04e900 6887       4       org.jetbrains.kotlin.util.slicedMap.SlicedMapImpl::get (68 bytes)
Event: 6.818 Thread 0x000001ef1a04e900 nmethod 6887 0x000001ef0b1f4490 code [0x000001ef0b1f4640, 0x000001ef0b1f4a98]
Event: 6.818 Thread 0x000001ef1a04e900 6886       4       kotlin.sequences.FilteringSequence$iterator$1::hasNext (26 bytes)
Event: 6.820 Thread 0x000001ef1a04e900 nmethod 6886 0x000001ef0b1f4f10 code [0x000001ef0b1f50a0, 0x000001ef0b1f5318]
Event: 6.820 Thread 0x000001ef1a04e900 6897       4       org.jetbrains.kotlin.utils.SmartList::iterator (49 bytes)
Event: 6.821 Thread 0x000001ef1a04e900 nmethod 6897 0x000001ef0b1f5510 code [0x000001ef0b1f56a0, 0x000001ef0b1f5848]
Event: 6.821 Thread 0x000001ef1a04e900 6881       4       org.jetbrains.kotlin.load.java.structure.impl.classFiles.BinaryJavaMethodBase::<init> (83 bytes)
Event: 6.827 Thread 0x000001ef1a04e900 nmethod 6881 0x000001ef0b1f5990 code [0x000001ef0b1f5b20, 0x000001ef0b1f6418]
Event: 6.827 Thread 0x000001ef1a04e900 6916   !   4       jdk.internal.loader.BuiltinClassLoader::loadClassOrNull (143 bytes)
Event: 6.871 Thread 0x000001ef1a04f3a0 6918       3       org.jetbrains.kotlin.builtins.KotlinBuiltIns::getPrimitiveClassDescriptor (21 bytes)
Event: 6.871 Thread 0x000001ef1a04f3a0 nmethod 6918 0x000001ef04212510 code [0x000001ef04212760, 0x000001ef04213028]
Event: 6.871 Thread 0x000001ef1a04f3a0 6920       1       org.jetbrains.kotlin.serialization.deserialization.DeserializedPackageFragmentImpl::getClassDataFinder (5 bytes)
Event: 6.871 Thread 0x000001ef1a04f3a0 nmethod 6920 0x000001ef0b1f6690 code [0x000001ef0b1f6820, 0x000001ef0b1f68f8]
Event: 6.871 Thread 0x000001ef1a04f3a0 6921       3       org.jetbrains.kotlin.descriptors.ScopesHolderForClass::<init> (10 bytes)
Event: 6.871 Thread 0x000001ef1a04f3a0 nmethod 6921 0x000001ef04213310 code [0x000001ef042134a0, 0x000001ef042135e8]
Event: 6.872 Thread 0x000001ef1a04f3a0 6923       3       org.jetbrains.kotlin.types.SimpleTypeImpl::<init> (122 bytes)

GC Heap History (20 events):
Event: 2.621 GC heap before
{Heap before GC invocations=9 (full 0):
 garbage-first heap   total 61440K, used 42672K [0x0000000084400000, 0x0000000100000000)
  region size 1024K, 19 young (19456K), 2 survivors (2048K)
 Metaspace       used 36439K, committed 36672K, reserved 1081344K
  class space    used 4582K, committed 4672K, reserved 1048576K
}
Event: 2.625 GC heap after
{Heap after GC invocations=10 (full 0):
 garbage-first heap   total 61440K, used 25527K [0x0000000084400000, 0x0000000100000000)
  region size 1024K, 3 young (3072K), 3 survivors (3072K)
 Metaspace       used 36439K, committed 36672K, reserved 1081344K
  class space    used 4582K, committed 4672K, reserved 1048576K
}
Event: 2.639 GC heap before
{Heap before GC invocations=10 (full 0):
 garbage-first heap   total 61440K, used 26551K [0x0000000084400000, 0x0000000100000000)
  region size 1024K, 4 young (4096K), 3 survivors (3072K)
 Metaspace       used 36721K, committed 36992K, reserved 1081344K
  class space    used 4610K, committed 4736K, reserved 1048576K
}
Event: 2.643 GC heap after
{Heap after GC invocations=11 (full 0):
 garbage-first heap   total 61440K, used 25820K [0x0000000084400000, 0x0000000100000000)
  region size 1024K, 1 young (1024K), 1 survivors (1024K)
 Metaspace       used 36721K, committed 36992K, reserved 1081344K
  class space    used 4610K, committed 4736K, reserved 1048576K
}
Event: 2.891 GC heap before
{Heap before GC invocations=11 (full 0):
 garbage-first heap   total 61440K, used 43228K [0x0000000084400000, 0x0000000100000000)
  region size 1024K, 19 young (19456K), 1 survivors (1024K)
 Metaspace       used 40429K, committed 40640K, reserved 1089536K
  class space    used 4975K, committed 5056K, reserved 1048576K
}
Event: 2.896 GC heap after
{Heap after GC invocations=12 (full 0):
 garbage-first heap   total 61440K, used 27447K [0x0000000084400000, 0x0000000100000000)
  region size 1024K, 3 young (3072K), 3 survivors (3072K)
 Metaspace       used 40429K, committed 40640K, reserved 1089536K
  class space    used 4975K, committed 5056K, reserved 1048576K
}
Event: 3.134 GC heap before
{Heap before GC invocations=12 (full 0):
 garbage-first heap   total 61440K, used 43831K [0x0000000084400000, 0x0000000100000000)
  region size 1024K, 20 young (20480K), 3 survivors (3072K)
 Metaspace       used 44355K, committed 44544K, reserved 1089536K
  class space    used 5367K, committed 5440K, reserved 1048576K
}
Event: 3.138 GC heap after
{Heap after GC invocations=13 (full 0):
 garbage-first heap   total 61440K, used 28773K [0x0000000084400000, 0x0000000100000000)
  region size 1024K, 2 young (2048K), 2 survivors (2048K)
 Metaspace       used 44355K, committed 44544K, reserved 1089536K
  class space    used 5367K, committed 5440K, reserved 1048576K
}
Event: 3.427 GC heap before
{Heap before GC invocations=13 (full 0):
 garbage-first heap   total 61440K, used 44133K [0x0000000084400000, 0x0000000100000000)
  region size 1024K, 18 young (18432K), 2 survivors (2048K)
 Metaspace       used 48634K, committed 48896K, reserved 1097728K
  class space    used 5873K, committed 5952K, reserved 1048576K
}
Event: 3.431 GC heap after
{Heap after GC invocations=14 (full 0):
 garbage-first heap   total 108544K, used 30288K [0x0000000084400000, 0x0000000100000000)
  region size 1024K, 3 young (3072K), 3 survivors (3072K)
 Metaspace       used 48634K, committed 48896K, reserved 1097728K
  class space    used 5873K, committed 5952K, reserved 1048576K
}
Event: 3.766 GC heap before
{Heap before GC invocations=14 (full 0):
 garbage-first heap   total 108544K, used 79440K [0x0000000084400000, 0x0000000100000000)
  region size 1024K, 48 young (49152K), 3 survivors (3072K)
 Metaspace       used 51070K, committed 51392K, reserved 1097728K
  class space    used 6122K, committed 6272K, reserved 1048576K
}
Event: 3.775 GC heap after
{Heap after GC invocations=15 (full 0):
 garbage-first heap   total 108544K, used 37774K [0x0000000084400000, 0x0000000100000000)
  region size 1024K, 6 young (6144K), 6 survivors (6144K)
 Metaspace       used 51070K, committed 51392K, reserved 1097728K
  class space    used 6122K, committed 6272K, reserved 1048576K
}
Event: 4.450 GC heap before
{Heap before GC invocations=15 (full 0):
 garbage-first heap   total 108544K, used 71566K [0x0000000084400000, 0x0000000100000000)
  region size 1024K, 40 young (40960K), 6 survivors (6144K)
 Metaspace       used 55667K, committed 55936K, reserved 1105920K
  class space    used 6577K, committed 6720K, reserved 1048576K
}
Event: 4.465 GC heap after
{Heap after GC invocations=16 (full 0):
 garbage-first heap   total 108544K, used 41872K [0x0000000084400000, 0x0000000100000000)
  region size 1024K, 4 young (4096K), 4 survivors (4096K)
 Metaspace       used 55667K, committed 55936K, reserved 1105920K
  class space    used 6577K, committed 6720K, reserved 1048576K
}
Event: 5.955 GC heap before
{Heap before GC invocations=17 (full 0):
 garbage-first heap   total 108544K, used 79760K [0x0000000084400000, 0x0000000100000000)
  region size 1024K, 41 young (41984K), 4 survivors (4096K)
 Metaspace       used 56235K, committed 56512K, reserved 1105920K
  class space    used 6623K, committed 6784K, reserved 1048576K
}
Event: 5.975 GC heap after
{Heap after GC invocations=18 (full 0):
 garbage-first heap   total 108544K, used 48016K [0x0000000084400000, 0x0000000100000000)
  region size 1024K, 6 young (6144K), 6 survivors (6144K)
 Metaspace       used 56235K, committed 56512K, reserved 1105920K
  class space    used 6623K, committed 6784K, reserved 1048576K
}
Event: 5.998 GC heap before
{Heap before GC invocations=18 (full 0):
 garbage-first heap   total 108544K, used 49040K [0x0000000084400000, 0x0000000100000000)
  region size 1024K, 7 young (7168K), 6 survivors (6144K)
 Metaspace       used 56389K, committed 56640K, reserved 1105920K
  class space    used 6638K, committed 6784K, reserved 1048576K
}
Event: 6.009 GC heap after
{Heap after GC invocations=19 (full 0):
 garbage-first heap   total 108544K, used 48516K [0x0000000084400000, 0x0000000100000000)
  region size 1024K, 1 young (1024K), 1 survivors (1024K)
 Metaspace       used 56389K, committed 56640K, reserved 1105920K
  class space    used 6638K, committed 6784K, reserved 1048576K
}
Event: 6.739 GC heap before
{Heap before GC invocations=19 (full 0):
 garbage-first heap   total 108544K, used 82308K [0x0000000084400000, 0x0000000100000000)
  region size 1024K, 34 young (34816K), 1 survivors (1024K)
 Metaspace       used 63719K, committed 64000K, reserved 1105920K
  class space    used 7647K, committed 7744K, reserved 1048576K
}
Event: 6.746 GC heap after
{Heap after GC invocations=20 (full 0):
 garbage-first heap   total 217088K, used 50843K [0x0000000084400000, 0x0000000100000000)
  region size 1024K, 4 young (4096K), 4 survivors (4096K)
 Metaspace       used 63719K, committed 64000K, reserved 1105920K
  class space    used 7647K, committed 7744K, reserved 1048576K
}

Dll operation events (2 events):
Event: 0.006 Loaded shared library D:\Program Files\Android Studio\jbr\bin\java.dll
Event: 0.965 Loaded shared library D:\Program Files\Android Studio\jbr\bin\verify.dll

Deoptimization events (20 events):
Event: 6.766 Thread 0x000001ef7d78bd80 Uncommon trap: trap_request=0xffffffc6 fr.pc=0x000001ef0b1d8e00 relative=0x00000000000002c0
Event: 6.766 Thread 0x000001ef7d78bd80 Uncommon trap: reason=bimorphic_or_optimized_type_check action=maybe_recompile pc=0x000001ef0b1d8e00 method=org.jetbrains.kotlin.util.slicedMap.SlicedMapImpl.get(Lorg/jetbrains/kotlin/util/slicedMap/ReadOnlySlice;Ljava/lang/Object;)Ljava/lang/Object; @ 35
Event: 6.766 Thread 0x000001ef7d78bd80 DEOPT PACKING pc=0x000001ef0b1d8e00 sp=0x000000ab4abfe660
Event: 6.766 Thread 0x000001ef7d78bd80 DEOPT UNPACKING pc=0x000001ef0a98a1a3 sp=0x000000ab4abfe5f0 mode 2
Event: 6.766 Thread 0x000001ef7d78bd80 Uncommon trap: trap_request=0xffffffc6 fr.pc=0x000001ef0b1d8e00 relative=0x00000000000002c0
Event: 6.766 Thread 0x000001ef7d78bd80 Uncommon trap: reason=bimorphic_or_optimized_type_check action=maybe_recompile pc=0x000001ef0b1d8e00 method=org.jetbrains.kotlin.util.slicedMap.SlicedMapImpl.get(Lorg/jetbrains/kotlin/util/slicedMap/ReadOnlySlice;Ljava/lang/Object;)Ljava/lang/Object; @ 35
Event: 6.766 Thread 0x000001ef7d78bd80 DEOPT PACKING pc=0x000001ef0b1d8e00 sp=0x000000ab4abfe5e0
Event: 6.766 Thread 0x000001ef7d78bd80 DEOPT UNPACKING pc=0x000001ef0a98a1a3 sp=0x000000ab4abfe570 mode 2
Event: 6.775 Thread 0x000001ef7d78bd80 Uncommon trap: trap_request=0xffffffde fr.pc=0x000001ef0b04c310 relative=0x0000000000000c90
Event: 6.775 Thread 0x000001ef7d78bd80 Uncommon trap: reason=class_check action=maybe_recompile pc=0x000001ef0b04c310 method=org.jetbrains.kotlin.protobuf.FieldSet.isInitialized(Ljava/util/Map$Entry;)Z @ 61 c2
Event: 6.775 Thread 0x000001ef7d78bd80 DEOPT PACKING pc=0x000001ef0b04c310 sp=0x000000ab4abfd800
Event: 6.775 Thread 0x000001ef7d78bd80 DEOPT UNPACKING pc=0x000001ef0a98a1a3 sp=0x000000ab4abfd748 mode 2
Event: 6.871 Thread 0x000001ef7d78bd80 Uncommon trap: trap_request=0xffffffc6 fr.pc=0x000001ef0b1d491c relative=0x0000000000002d1c
Event: 6.871 Thread 0x000001ef7d78bd80 Uncommon trap: reason=bimorphic_or_optimized_type_check action=maybe_recompile pc=0x000001ef0b1d491c method=org.jetbrains.kotlin.serialization.deserialization.descriptors.DeserializedMemberScope.hasClass(Lorg/jetbrains/kotlin/name/Name;)Z @ 11 c2
Event: 6.871 Thread 0x000001ef7d78bd80 DEOPT PACKING pc=0x000001ef0b1d491c sp=0x000000ab4abfe990
Event: 6.871 Thread 0x000001ef7d78bd80 DEOPT UNPACKING pc=0x000001ef0a98a1a3 sp=0x000000ab4abfe920 mode 2
Event: 6.872 Thread 0x000001ef7d78bd80 Uncommon trap: trap_request=0xffffffc6 fr.pc=0x000001ef0b1d491c relative=0x0000000000002d1c
Event: 6.872 Thread 0x000001ef7d78bd80 Uncommon trap: reason=bimorphic_or_optimized_type_check action=maybe_recompile pc=0x000001ef0b1d491c method=org.jetbrains.kotlin.serialization.deserialization.descriptors.DeserializedMemberScope.hasClass(Lorg/jetbrains/kotlin/name/Name;)Z @ 11 c2
Event: 6.872 Thread 0x000001ef7d78bd80 DEOPT PACKING pc=0x000001ef0b1d491c sp=0x000000ab4abfe990
Event: 6.872 Thread 0x000001ef7d78bd80 DEOPT UNPACKING pc=0x000001ef0a98a1a3 sp=0x000000ab4abfe920 mode 2

Classes unloaded (0 events):
No events

Classes redefined (0 events):
No events

Internal exceptions (20 events):
Event: 3.863 Thread 0x000001ef7d78bd80 Exception <a 'java/lang/NoSuchMethodError'{0x000000008a2a3740}: 'java.lang.Object java.lang.invoke.DirectMethodHandle$Holder.newInvokeSpecial(java.lang.Object, java.lang.Object, java.lang.Object, java.lang.Object, java.lang.Object, java.lang.Object)'> (0x000000008a2a3740) 
thrown [s\src\hotspot\share\interpreter\linkResolver.cpp, line 771]
Event: 3.953 Thread 0x000001ef7d78bd80 Implicit null exception at 0x000001ef0b0b9bbd to 0x000001ef0b0ba2b4
Event: 4.004 Thread 0x000001ef7d78bd80 Exception <a 'java/lang/NoSuchMethodError'{0x00000000899d8768}: 'java.lang.Object java.lang.invoke.DirectMethodHandle$Holder.invokeStaticInit(java.lang.Object, java.lang.Object, java.lang.Object)'> (0x00000000899d8768) 
thrown [s\src\hotspot\share\interpreter\linkResolver.cpp, line 771]
Event: 4.670 Thread 0x000001ef7d78bd80 Implicit null exception at 0x000001ef0af1e8f1 to 0x000001ef0af1ead8
Event: 4.670 Thread 0x000001ef7d78bd80 Implicit null exception at 0x000001ef0af2fd0f to 0x000001ef0af2fd85
Event: 4.972 Thread 0x000001ef7d78bd80 Exception <a 'java/lang/NoSuchMethodError'{0x0000000089debb20}: 'java.lang.Object java.lang.invoke.DirectMethodHandle$Holder.newInvokeSpecial(java.lang.Object, int, java.lang.Object)'> (0x0000000089debb20) 
thrown [s\src\hotspot\share\interpreter\linkResolver.cpp, line 771]
Event: 4.973 Thread 0x000001ef7d78bd80 Exception <a 'java/lang/NoSuchMethodError'{0x0000000089df2168}: 'int java.lang.invoke.DirectMethodHandle$Holder.invokeInterface(java.lang.Object, java.lang.Object)'> (0x0000000089df2168) 
thrown [s\src\hotspot\share\interpreter\linkResolver.cpp, line 771]
Event: 6.149 Thread 0x000001ef7d78bd80 Implicit null exception at 0x000001ef0b0398cc to 0x000001ef0b0399a8
Event: 6.324 Thread 0x000001ef7d78bd80 Exception <a 'java/lang/NoSuchMethodError'{0x0000000089e97d98}: 'java.lang.Object java.lang.invoke.DirectMethodHandle$Holder.invokeInterface(java.lang.Object, java.lang.Object, java.lang.Object)'> (0x0000000089e97d98) 
thrown [s\src\hotspot\share\interpreter\linkResolver.cpp, line 771]
Event: 6.324 Thread 0x000001ef7d78bd80 Exception <a 'java/lang/IncompatibleClassChangeError'{0x0000000089e9b9b0}: Found class java.lang.Object, but interface was expected> (0x0000000089e9b9b0) 
thrown [s\src\hotspot\share\interpreter\linkResolver.cpp, line 838]
Event: 6.414 Thread 0x000001ef7d78bd80 Exception <a 'java/lang/NoSuchMethodError'{0x0000000089a31350}: 'int java.lang.invoke.DirectMethodHandle$Holder.invokeVirtual(java.lang.Object, java.lang.Object, java.lang.Object)'> (0x0000000089a31350) 
thrown [s\src\hotspot\share\interpreter\linkResolver.cpp, line 771]
Event: 6.483 Thread 0x000001ef7d78bd80 Exception <a 'java/lang/NoSuchMethodError'{0x000000008979d830}: 'java.lang.Object java.lang.invoke.DirectMethodHandle$Holder.invokeStatic(java.lang.Object, java.lang.Object, java.lang.Object, java.lang.Object, int)'> (0x000000008979d830) 
thrown [s\src\hotspot\share\interpreter\linkResolver.cpp, line 771]
Event: 6.483 Thread 0x000001ef7d78bd80 Exception <a 'java/lang/NoSuchMethodError'{0x00000000897a7518}: 'java.lang.Object java.lang.invoke.DirectMethodHandle$Holder.newInvokeSpecial(java.lang.Object, java.lang.Object, java.lang.Object, java.lang.Object, int)'> (0x00000000897a7518) 
thrown [s\src\hotspot\share\interpreter\linkResolver.cpp, line 771]
Event: 6.484 Thread 0x000001ef7d78bd80 Exception <a 'java/lang/NoSuchMethodError'{0x00000000897abf50}: 'java.lang.Object java.lang.invoke.DirectMethodHandle$Holder.invokeSpecial(java.lang.Object, java.lang.Object, java.lang.Object, java.lang.Object, java.lang.Object, int)'> (0x00000000897abf50) 
thrown [s\src\hotspot\share\interpreter\linkResolver.cpp, line 771]
Event: 6.484 Thread 0x000001ef7d78bd80 Exception <a 'java/lang/NoSuchMethodError'{0x00000000897b0430}: 'java.lang.Object java.lang.invoke.Invokers$Holder.linkToTargetMethod(java.lang.Object, java.lang.Object, java.lang.Object, int, java.lang.Object)'> (0x00000000897b0430) 
thrown [s\src\hotspot\share\interpreter\linkResolver.cpp, line 771]
Event: 6.530 Thread 0x000001ef7d78bd80 Exception <a 'java/lang/NoSuchMethodError'{0x000000008955ebd0}: 'void java.lang.invoke.DirectMethodHandle$Holder.invokeInterface(java.lang.Object, java.lang.Object)'> (0x000000008955ebd0) 
thrown [s\src\hotspot\share\interpreter\linkResolver.cpp, line 771]
Event: 6.585 Thread 0x000001ef7d78bd80 Exception <a 'java/lang/IncompatibleClassChangeError'{0x0000000089358980}: Found class java.lang.Object, but interface was expected> (0x0000000089358980) 
thrown [s\src\hotspot\share\interpreter\linkResolver.cpp, line 838]
Event: 6.606 Thread 0x000001ef7d78bd80 Exception <a 'java/lang/NoSuchMethodError'{0x00000000893d95c0}: 'int java.lang.invoke.DirectMethodHandle$Holder.invokeStaticInit(java.lang.Object, int)'> (0x00000000893d95c0) 
thrown [s\src\hotspot\share\interpreter\linkResolver.cpp, line 771]
Event: 6.710 Thread 0x000001ef7d78bd80 Implicit null exception at 0x000001ef0af658f1 to 0x000001ef0af65ad8
Event: 6.761 Thread 0x000001ef7d78bd80 Implicit null exception at 0x000001ef0b15795a to 0x000001ef0b157c34

VM Operations (20 events):
Event: 6.552 Executing VM operation: HandshakeAllThreads
Event: 6.552 Executing VM operation: HandshakeAllThreads done
Event: 6.570 Executing VM operation: HandshakeAllThreads
Event: 6.570 Executing VM operation: HandshakeAllThreads done
Event: 6.585 Executing VM operation: HandshakeAllThreads
Event: 6.585 Executing VM operation: HandshakeAllThreads done
Event: 6.586 Executing VM operation: ICBufferFull
Event: 6.586 Executing VM operation: ICBufferFull done
Event: 6.609 Executing VM operation: HandshakeAllThreads
Event: 6.609 Executing VM operation: HandshakeAllThreads done
Event: 6.675 Executing VM operation: ICBufferFull
Event: 6.675 Executing VM operation: ICBufferFull done
Event: 6.682 Executing VM operation: HandshakeAllThreads
Event: 6.682 Executing VM operation: HandshakeAllThreads done
Event: 6.739 Executing VM operation: G1CollectForAllocation
Event: 6.746 Executing VM operation: G1CollectForAllocation done
Event: 6.787 Executing VM operation: HandshakeAllThreads
Event: 6.787 Executing VM operation: HandshakeAllThreads done
Event: 6.863 Executing VM operation: HandshakeAllThreads
Event: 6.863 Executing VM operation: HandshakeAllThreads done

Events (20 events):
Event: 6.535 loading class java/util/stream/Node$OfPrimitive
Event: 6.535 loading class java/util/stream/Node$OfPrimitive done
Event: 6.535 loading class java/util/stream/Node$OfInt done
Event: 6.535 loading class java/util/stream/Nodes$EmptyNode$OfInt done
Event: 6.535 loading class java/util/stream/Nodes$EmptyNode$OfLong
Event: 6.535 loading class java/util/stream/Node$OfLong
Event: 6.535 loading class java/util/stream/Node$OfLong done
Event: 6.535 loading class java/util/stream/Nodes$EmptyNode$OfLong done
Event: 6.535 loading class java/util/stream/Nodes$EmptyNode$OfDouble
Event: 6.535 loading class java/util/stream/Node$OfDouble
Event: 6.535 loading class java/util/stream/Node$OfDouble done
Event: 6.535 loading class java/util/stream/Nodes$EmptyNode$OfDouble done
Event: 6.535 loading class java/util/stream/Nodes$SpinedNodeBuilder
Event: 6.535 loading class java/util/stream/Node$Builder
Event: 6.535 loading class java/util/stream/Node$Builder done
Event: 6.535 loading class java/util/stream/SpinedBuffer
Event: 6.537 loading class java/util/stream/AbstractSpinedBuffer
Event: 6.538 loading class java/util/stream/AbstractSpinedBuffer done
Event: 6.538 loading class java/util/stream/SpinedBuffer done
Event: 6.538 loading class java/util/stream/Nodes$SpinedNodeBuilder done


Dynamic libraries:
0x00007ff6301f0000 - 0x00007ff6301fa000 	D:\Program Files\Android Studio\jbr\bin\java.exe
0x00007ffb3db00000 - 0x00007ffb3dd09000 	C:\WINDOWS\SYSTEM32\ntdll.dll
0x00007ffb3be30000 - 0x00007ffb3beed000 	C:\WINDOWS\System32\KERNEL32.DLL
0x00007ffb3b5c0000 - 0x00007ffb3b944000 	C:\WINDOWS\System32\KERNELBASE.dll
0x00007ffb3b4a0000 - 0x00007ffb3b5b1000 	C:\WINDOWS\System32\ucrtbase.dll
0x00007ffb20820000 - 0x00007ffb2083b000 	D:\Program Files\Android Studio\jbr\bin\VCRUNTIME140.dll
0x00007ffb20c80000 - 0x00007ffb20c97000 	D:\Program Files\Android Studio\jbr\bin\jli.dll
0x00007ffb3b9c0000 - 0x00007ffb3bb6d000 	C:\WINDOWS\System32\USER32.dll
0x00007ffb3b1e0000 - 0x00007ffb3b206000 	C:\WINDOWS\System32\win32u.dll
0x00007ffb21600000 - 0x00007ffb218a5000 	C:\WINDOWS\WinSxS\amd64_microsoft.windows.common-controls_6595b64144ccf1df_6.0.22000.120_none_9d947278b86cc467\COMCTL32.dll
0x00007ffb3c9f0000 - 0x00007ffb3ca1a000 	C:\WINDOWS\System32\GDI32.dll
0x00007ffb3c880000 - 0x00007ffb3c923000 	C:\WINDOWS\System32\msvcrt.dll
0x00007ffb3b0c0000 - 0x00007ffb3b1de000 	C:\WINDOWS\System32\gdi32full.dll
0x00007ffb3b210000 - 0x00007ffb3b2ad000 	C:\WINDOWS\System32\msvcp_win.dll
0x00007ffb3ca20000 - 0x00007ffb3ca51000 	C:\WINDOWS\System32\IMM32.DLL
0x00007ffb30690000 - 0x00007ffb3069c000 	D:\Program Files\Android Studio\jbr\bin\vcruntime140_1.dll
0x00007ffb00a40000 - 0x00007ffb00acd000 	D:\Program Files\Android Studio\jbr\bin\msvcp140.dll
0x00007ffac8560000 - 0x00007ffac91cd000 	D:\Program Files\Android Studio\jbr\bin\server\jvm.dll
0x00007ffb3d700000 - 0x00007ffb3d7ae000 	C:\WINDOWS\System32\ADVAPI32.dll
0x00007ffb3c930000 - 0x00007ffb3c9ce000 	C:\WINDOWS\System32\sechost.dll
0x00007ffb3bef0000 - 0x00007ffb3c011000 	C:\WINDOWS\System32\RPCRT4.dll
0x00007ffb2cf40000 - 0x00007ffb2cf73000 	C:\WINDOWS\SYSTEM32\WINMM.dll
0x00007ffb32f90000 - 0x00007ffb32f99000 	C:\WINDOWS\SYSTEM32\WSOCK32.dll
0x00007ffb2eb60000 - 0x00007ffb2eb6a000 	C:\WINDOWS\SYSTEM32\VERSION.dll
0x00007ffb3d8e0000 - 0x00007ffb3d94f000 	C:\WINDOWS\System32\WS2_32.dll
0x00007ffb3a0f0000 - 0x00007ffb3a108000 	C:\WINDOWS\SYSTEM32\kernel.appcore.dll
0x00007ffb32f80000 - 0x00007ffb32f8a000 	D:\Program Files\Android Studio\jbr\bin\jimage.dll
0x00007ffb38340000 - 0x00007ffb38561000 	C:\WINDOWS\SYSTEM32\DBGHELP.DLL
0x00007ffb23750000 - 0x00007ffb23781000 	C:\WINDOWS\SYSTEM32\dbgcore.DLL
0x00007ffb3b420000 - 0x00007ffb3b49f000 	C:\WINDOWS\System32\bcryptPrimitives.dll
0x00007ffb2e930000 - 0x00007ffb2e955000 	D:\Program Files\Android Studio\jbr\bin\java.dll
0x00007ffb2ed30000 - 0x00007ffb2ed48000 	D:\Program Files\Android Studio\jbr\bin\zip.dll
0x00007ffb3ca60000 - 0x00007ffb3d225000 	C:\WINDOWS\System32\SHELL32.dll
0x00007ffb39070000 - 0x00007ffb398d2000 	C:\WINDOWS\SYSTEM32\windows.storage.dll
0x00007ffb3c020000 - 0x00007ffb3c396000 	C:\WINDOWS\System32\combase.dll
0x00007ffb38f00000 - 0x00007ffb39067000 	C:\WINDOWS\SYSTEM32\wintypes.dll
0x00007ffb3bd10000 - 0x00007ffb3bdfa000 	C:\WINDOWS\System32\SHCORE.dll
0x00007ffb3c3a0000 - 0x00007ffb3c3fd000 	C:\WINDOWS\System32\shlwapi.dll
0x00007ffb3aec0000 - 0x00007ffb3aee5000 	C:\WINDOWS\SYSTEM32\profapi.dll
0x00007ffb2c6b0000 - 0x00007ffb2c6c9000 	D:\Program Files\Android Studio\jbr\bin\net.dll
0x00007ffb30190000 - 0x00007ffb302a4000 	C:\WINDOWS\SYSTEM32\WINHTTP.dll
0x00007ffb3a5a0000 - 0x00007ffb3a607000 	C:\WINDOWS\system32\mswsock.dll
0x00007ffb2bb70000 - 0x00007ffb2bb86000 	D:\Program Files\Android Studio\jbr\bin\nio.dll
0x00007ffb306a0000 - 0x00007ffb306b0000 	D:\Program Files\Android Studio\jbr\bin\verify.dll

dbghelp: loaded successfully - version: 4.0.5 - missing functions: none
symbol engine: initialized successfully - sym options: 0x614 - pdb path: .;D:\Program Files\Android Studio\jbr\bin;C:\WINDOWS\SYSTEM32;C:\WINDOWS\WinSxS\amd64_microsoft.windows.common-controls_6595b64144ccf1df_6.0.22000.120_none_9d947278b86cc467;D:\Program Files\Android Studio\jbr\bin\server

VM Arguments:
java_command: org.jetbrains.kotlin.cli.jvm.K2JVMCompiler @E:\MyAndroidProjects\Kotlin\UserBlinkit\app\build\20240316_6989900337383321970.compiler.options
java_class_path (initial): C:\Users\abc\.gradle\caches\modules-2\files-2.1\org.jetbrains.kotlin\kotlin-compiler-embeddable\1.8.20\78d9baa57f65babf9e0a93e51f62f26f5f35ac3e\kotlin-compiler-embeddable-1.8.20.jar;C:\Users\abc\.gradle\caches\modules-2\files-2.1\org.jetbrains.kotlin\kotlin-stdlib\1.8.20\e72fc5e03ec6c064c678a6bd0d955c88d55b0c4a\kotlin-stdlib-1.8.20.jar;C:\Users\abc\.gradle\caches\modules-2\files-2.1\org.jetbrains.kotlin\kotlin-script-runtime\1.8.20\c850771e723701f9d63dbcf641429c0f29290074\kotlin-script-runtime-1.8.20.jar;C:\Users\abc\.gradle\caches\modules-2\files-2.1\org.jetbrains.kotlin\kotlin-reflect\1.6.10\1cbe9c92c12a94eea200d23c2bbaedaf3daf5132\kotlin-reflect-1.6.10.jar;C:\Users\abc\.gradle\caches\modules-2\files-2.1\org.jetbrains.kotlin\kotlin-daemon-embeddable\1.8.20\c1b808fbe5fee60bd0504a54778120ef40f383d4\kotlin-daemon-embeddable-1.8.20.jar;C:\Users\abc\.gradle\caches\modules-2\files-2.1\org.jetbrains.intellij.deps\trove4j\1.0.20200330\3afb14d5f9ceb459d724e907a21145e8ff394f02\trove4j-1.0.20200330.jar;C:\Users\abc\.gradle\caches\modules-2\files-2.1\net.java.dev.jna\jna\5.6.0\330f2244e9030119ab3030fc3fededc86713d9cc\jna-5.6.0.jar;C:\Users\abc\.gradle\caches\modules-2\files-2.1\org.jetbrains.kotlin\kotlin-stdlib-common\1.8.20\5eddaaf234c8c49d03eebeb6a14feb7f90faca71\kotlin-stdlib-common-1.8.20.jar;C:\Users\abc\.gradle\caches\modules-2\files-2.1\org.jetbrains\annotations\13.0\919f0dfe192fb4e063e7dacadee7f8bb9a2672a9\annotations-13.0.jar
Launcher Type: SUN_STANDARD

[Global flags]
     intx CICompilerCount                          = 4                                         {product} {ergonomic}
     uint ConcGCThreads                            = 2                                         {product} {ergonomic}
     uint G1ConcRefinementThreads                  = 8                                         {product} {ergonomic}
   size_t G1HeapRegionSize                         = 1048576                                   {product} {ergonomic}
    uintx GCDrainStackTargetSize                   = 64                                        {product} {ergonomic}
   size_t InitialHeapSize                          = 130023424                                 {product} {ergonomic}
   size_t MarkStackSize                            = 4194304                                   {product} {ergonomic}
   size_t MaxHeapSize                              = 2076180480                                {product} {ergonomic}
   size_t MaxNewSize                               = 1245708288                                {product} {ergonomic}
   size_t MinHeapDeltaBytes                        = 1048576                                   {product} {ergonomic}
   size_t MinHeapSize                              = 8388608                                   {product} {ergonomic}
    uintx NonNMethodCodeHeapSize                   = 5839372                                {pd product} {ergonomic}
    uintx NonProfiledCodeHeapSize                  = 122909434                              {pd product} {ergonomic}
    uintx ProfiledCodeHeapSize                     = 122909434                              {pd product} {ergonomic}
    uintx ReservedCodeCacheSize                    = 251658240                              {pd product} {ergonomic}
     bool SegmentedCodeCache                       = true                                      {product} {ergonomic}
   size_t SoftMaxHeapSize                          = 2076180480                             {manageable} {ergonomic}
     bool UseCompressedClassPointers               = true                           {product lp64_product} {ergonomic}
     bool UseCompressedOops                        = true                           {product lp64_product} {ergonomic}
     bool UseG1GC                                  = true                                      {product} {ergonomic}
     bool UseLargePagesIndividualAllocation        = false                                  {pd product} {ergonomic}

Logging:
Log output configuration:
 #0: stdout all=warning uptime,level,tags
 #1: stderr all=off uptime,level,tags

Environment Variables:
JAVA_HOME=D:\Program Files\Java\java-17\
CLASSPATH="D:\Program Files\MySQL\Drivers\mysql-connector-j-8.0.33\mysql-connector-j-8.0.33\mysql-connector-j-8.0.33.jar"
PATH=C:\Python310\Scripts\;C:\Python310\;C:\Program Files\Common Files\Oracle\Java\javapath;C:\Windows\system32;C:\Windows;C:\Windows\System32\Wbem;C:\Windows\System32\WindowsPowerShell\v1.0\;C:\Windows\System32\OpenSSH\;C:\Program Files\NVIDIA Corporation\NVIDIA NvDLISR;C:\MinGW\mingw32\bin;C:\Program Files\dotnet\;C:\Program Files (x86)\mingw-w64\i686-8.1.0-posix-dwarf-rt_v6-rev0\mingw32\bin;C:\WINDOWS\system32;C:\WINDOWS;C:\WINDOWS\System32\Wbem;C:\WINDOWS\System32\WindowsPowerShell\v1.0\;C:\WINDOWS\System32\OpenSSH\;C:\ProgramData\chocolatey\bin;D:\Program Files\Git\Git\cmd;D:\Program Files\Java\jdk-19\bin;C:\Program Files\Common Files\Oracle\Java\javapath;C:\Program Files\MySQL\MySQL Server 8.0\bin;D:\Program Files\NodeJs\nodejs\;D:\Program Files\Java\java-17\\bin;C:\Program Files\MySQL\MySQL Shell 8.0\bin\;C:\Users\abc\AppData\Local\Microsoft\WindowsApps;C:\MinGW\bin;C:\Program Files (x86)\mingw-w64\i686-8.1.0-posix-dwarf-rt_v6-rev0\mingw32\bin;D:\Program Files\jidea\IntelliJ IDEA Community Edition 2021.1.2\bin;;C:\Users\abc\.dotnet\tools;C:\Users\abc\AppData\Local\Programs\Microsoft VS Code\bin;C:\Program Files\MongoDB\Server\6.0\bin;C:\Users\abc\AppData\Roaming\npm
USERNAME=abc
OS=Windows_NT
PROCESSOR_IDENTIFIER=Intel64 Family 6 Model 140 Stepping 1, GenuineIntel
TMP=C:\Users\abc\AppData\Local\Temp
TEMP=C:\Users\abc\AppData\Local\Temp



---------------  S Y S T E M  ---------------

OS:
 Windows 11 , 64 bit Build 22000 (10.0.22000.2538)
OS uptime: 6 days 20:29 hours

CPU: total 8 (initial active 8) (4 cores per cpu, 2 threads per core) family 6 model 140 stepping 1 microcode 0xb4, cx8, cmov, fxsr, ht, mmx, 3dnowpref, sse, sse2, sse3, ssse3, sse4.1, sse4.2, popcnt, lzcnt, tsc, tscinvbit, avx, avx2, aes, erms, clmul, bmi1, bmi2, adx, avx512f, avx512dq, avx512cd, avx512bw, avx512vl, sha, fma, vzeroupper, avx512_vpopcntdq, avx512_vpclmulqdq, avx512_vaes, avx512_vnni, clflush, clflushopt, clwb, avx512_vbmi2, avx512_vbmi

Memory: 4k page, system-wide physical 7914M (492M free)
TotalPageFile size 15914M (AvailPageFile size 4M)
current process WorkingSet (physical memory assigned to process): 293M, peak: 293M
current process commit charge ("private bytes"): 425M, peak: 426M

vm_info: OpenJDK 64-Bit Server VM (17.0.6+0-b2043.56-9586694) for windows-amd64 JRE (17.0.6+0-b2043.56-9586694), built on Feb  9 2023 20:06:20 by "androidbuild" with MS VC++ 16.10 / 16.11 (VS2019)

END.
